[2023-07-27 12:30:38] [Render thread INFO] CustomSkinLoader 14.13-SNAPSHOT-278
[2023-07-27 12:30:38] [Render thread INFO] DataDir: E:\minecraft\.minecraft\versions\星域世界new\CustomSkinLoader
[2023-07-27 12:30:38] [Render thread INFO] Operating System: Windows 10 (amd64) version 10.0
[2023-07-27 12:30:38] [Render thread INFO] Java Version: 11.0.17, IBM Corporation
[2023-07-27 12:30:38] [Render thread INFO] Java VM Version: Eclipse OpenJ9 VM (JRE 11 Windows 10 amd64-64-Bit Compressed References 20221031_487 (JIT enabled, AOT enabled)
OpenJ9   - e04a7f6c1
OMR      - 85a21674f
JCL      - a94c231303 based on jdk-11.0.17+8), Eclipse OpenJ9
[2023-07-27 12:30:38] [Render thread INFO] Minecraft: null(星域世界new)
[2023-07-27 12:30:38] [Render thread INFO] Config File: E:\minecraft\.minecraft\versions\星域世界new\CustomSkinLoader\CustomSkinLoader.json
[2023-07-27 12:30:38] [Render thread INFO] Try to load config.
[2023-07-27 12:30:38] [Render thread INFO] Successfully load config.
[2023-07-27 12:30:38] [Render thread INFO] Add a profile loader: MojangAPI
[2023-07-27 12:30:38] [Render thread INFO] Add a profile loader: Legacy
[2023-07-27 12:30:38] [Render thread INFO] Add a profile loader: CustomSkinAPI
[2023-07-27 12:30:38] [Render thread INFO] Add a profile loader: CustomSKinAPIPlus
[2023-07-27 12:30:38] [Render thread INFO] Add a profile loader: UniSkinAPI
[2023-07-27 12:30:38] [Render thread INFO] Add a profile loader: ElyByAPI
[2023-07-27 12:30:38] [Render thread INFO] Add a profile loader: GlitchlessAPI
[2023-07-27 12:30:38] [Render thread INFO] Successfully update config.
[2023-07-27 12:30:38] [Render thread INFO] version : 14.13
[2023-07-27 12:30:38] [Render thread INFO] buildNumber : 278
[2023-07-27 12:30:38] [Render thread INFO] loadlist : [{ "name": "Mojang", "type": "MojangAPI", "apiRoot": "https://api.mojang.com/", "sessionRoot": "https://sessionserver.mojang.com/" }, { "name": "LittleSkin", "type": "CustomSkinAPI", "root": "https://littlesk.in/csl/" }, { "name": "BlessingSkin", "type": "CustomSkinAPI", "root": "http://skin.prinzeugen.net/" }, { "name": "ElyBy", "type": "ElyByAPI", "root": "http://skinsystem.ely.by/textures/" }, { "name": "SkinMe", "type": "UniSkinAPI", "root": "http://www.skinme.cc/uniskin/" }, { "name": "LocalSkin", "type": "Legacy", "checkPNG": "false", "skin": "LocalSkin/skins/{USERNAME}.png", "model": "auto", "cape": "LocalSkin/capes/{USERNAME}.png", "elytra": "LocalSkin/elytras/{USERNAME}.png" }, { "name": "GlitchlessGames", "type": "GlitchlessAPI", "root": "https://games.glitchless.ru/api/minecraft/users/profiles/textures/?nickname=" }]
[2023-07-27 12:30:38] [Render thread INFO] enableDynamicSkull : true
[2023-07-27 12:30:38] [Render thread INFO] enableTransparentSkin : true
[2023-07-27 12:30:38] [Render thread INFO] forceIgnoreHttpsCertificate : false
[2023-07-27 12:30:38] [Render thread INFO] forceLoadAllTextures : false
[2023-07-27 12:30:38] [Render thread INFO] enableCape : true
[2023-07-27 12:30:38] [Render thread INFO] forceFillSkullNBT : false
[2023-07-27 12:30:38] [Render thread INFO] threadPoolSize : 3
[2023-07-27 12:30:38] [Render thread INFO] retryTime : 1
[2023-07-27 12:30:38] [Render thread INFO] cacheExpiry : 30
[2023-07-27 12:30:38] [Render thread INFO] forceUpdateSkull : false
[2023-07-27 12:30:38] [Render thread INFO] enableLocalProfileCache : false
[2023-07-27 12:30:38] [Render thread INFO] enableCacheAutoClean : false
[2023-07-27 12:30:38] [Render thread INFO] forceDisableCache : false
[2023-07-27 12:33:02] [blackwhita INFO] Loading blackwhita's profile.
[2023-07-27 12:33:02] [blackwhita INFO] 1/7 Try to load profile from 'Mojang'.
[2023-07-27 12:33:02] [blackwhita INFO] Default profile will be used.
[2023-07-27 12:33:02] [blackwhita INFO] blackwhita's profile loaded.
[2023-07-27 12:33:02] [blackwhita INFO] (SkinUrl: http://textures.minecraft.net/texture/2bcce0032873f70fbcd977c6dc837d55da0c9c4858c9ea94b010472a27187b8e , Model: default , CapeUrl: null  , Expiry: 1690432412)
[2023-07-27 12:33:02] [pool-8-thread-1 DEBUG] Try to request 'http://textures.minecraft.net/texture/2bcce0032873f70fbcd977c6dc837d55da0c9c4858c9ea94b010472a27187b8e'.
[2023-07-27 12:33:02] [pool-8-thread-1 DEBUG] Cache file found (Length: 2395 , Path: 'E:\minecraft\.minecraft\assets\skins\2b\2bcce0032873f70fbcd977c6dc837d55da0c9c4858c9ea94b010472a27187b8e' , Expire: 0)
[2023-07-27 12:33:02] [Render thread DEBUG] Loading type: SKIN
[2023-07-27 12:33:02] [Render thread INFO] ThreadDownloadImageData Class: net.minecraft.client.renderer.texture.DownloadingTexture
